{"ip":"::1","level":"info","message":"Incoming request","method":"POST","timestamp":"2025-04-18T10:20:29.523Z","url":"/api/users/login","userAgent":"PostmanRuntime/7.43.2"}
{"duration":"2504ms","level":"info","message":"Request completed","method":"POST","statusCode":401,"timestamp":"2025-04-18T10:20:32.027Z","url":"/login"}
{"ip":"::1","level":"info","message":"Incoming request","method":"POST","timestamp":"2025-04-18T10:20:54.298Z","url":"/api/users/register","userAgent":"PostmanRuntime/7.43.2"}
{"duration":"1012ms","level":"info","message":"Request completed","method":"POST","statusCode":201,"timestamp":"2025-04-18T10:20:55.310Z","url":"/register"}
{"ip":"::1","level":"info","message":"Incoming request","method":"POST","timestamp":"2025-04-18T10:21:55.893Z","url":"/api/users/login","userAgent":"PostmanRuntime/7.43.2"}
{"duration":"484ms","level":"info","message":"Request completed","method":"POST","statusCode":200,"timestamp":"2025-04-18T10:21:56.377Z","url":"/login"}
{"ip":"::1","level":"info","message":"Incoming request","method":"GET","timestamp":"2025-04-18T10:22:01.763Z","url":"/api/users/profile","userAgent":"PostmanRuntime/7.43.2"}
{"duration":"1ms","level":"info","message":"Request completed","method":"GET","statusCode":401,"timestamp":"2025-04-18T10:22:01.764Z","url":"/profile"}
{"ip":"::1","level":"info","message":"Incoming request","method":"GET","timestamp":"2025-04-18T10:22:29.882Z","url":"/api/users/profile","userAgent":"PostmanRuntime/7.43.2"}
{"duration":"1ms","level":"info","message":"Request completed","method":"GET","statusCode":401,"timestamp":"2025-04-18T10:22:29.884Z","url":"/profile"}
{"ip":"::1","level":"info","message":"Incoming request","method":"GET","timestamp":"2025-04-18T10:22:55.261Z","url":"/api/users/profile","userAgent":"PostmanRuntime/7.43.2"}
{"duration":"3322ms","level":"info","message":"Request completed","method":"GET","statusCode":200,"timestamp":"2025-04-18T10:22:58.582Z","url":"/profile"}
{"ip":"::1","level":"info","message":"Incoming request","method":"POST","timestamp":"2025-04-18T10:33:42.843Z","url":"/api/users/login","userAgent":"PostmanRuntime/7.43.2"}
{"duration":"3991ms","level":"info","message":"Request completed","method":"POST","statusCode":200,"timestamp":"2025-04-18T10:33:46.833Z","url":"/login"}
{"ip":"::1","level":"info","message":"Incoming request","method":"GET","timestamp":"2025-04-18T10:45:33.200Z","url":"/api/dashboard","userAgent":"PostmanRuntime/7.43.2"}
{"duration":"4046ms","level":"info","message":"Request completed","method":"GET","statusCode":500,"timestamp":"2025-04-18T10:45:37.246Z","url":"/"}
{"ip":"::1","level":"info","message":"Incoming request","method":"GET","timestamp":"2025-04-18T10:46:50.708Z","url":"/api/dashboard","userAgent":"PostmanRuntime/7.43.2"}
{"duration":"3476ms","level":"info","message":"Request completed","method":"GET","statusCode":500,"timestamp":"2025-04-18T10:46:54.183Z","url":"/"}
{"ip":"::1","level":"info","message":"Incoming request","method":"GET","timestamp":"2025-04-18T10:48:49.259Z","url":"/api/questionnaire/responses","userAgent":"PostmanRuntime/7.43.2"}
{"duration":"1925ms","level":"info","message":"Request completed","method":"GET","statusCode":200,"timestamp":"2025-04-18T10:48:51.184Z","url":"/responses"}
{"ip":"::1","level":"info","message":"Incoming request","method":"GET","timestamp":"2025-04-18T10:48:56.070Z","url":"/api/questionnaire/profile","userAgent":"PostmanRuntime/7.43.2"}
{"duration":"208ms","level":"info","message":"Request completed","method":"GET","statusCode":500,"timestamp":"2025-04-18T10:48:56.278Z","url":"/profile"}
{"ip":"::1","level":"info","message":"Incoming request","method":"GET","timestamp":"2025-04-18T10:50:24.160Z","url":"/api/questionnaire/profile","userAgent":"PostmanRuntime/7.43.2"}
{"duration":"2851ms","level":"info","message":"Request completed","method":"GET","statusCode":500,"timestamp":"2025-04-18T10:50:27.011Z","url":"/profile"}
{"ip":"::1","level":"info","message":"Incoming request","method":"GET","timestamp":"2025-04-18T10:51:03.291Z","url":"/api/progress/report?startDate=&endDate=","userAgent":"PostmanRuntime/7.43.2"}
{"duration":"5052ms","level":"info","message":"Request completed","method":"GET","statusCode":401,"timestamp":"2025-04-18T10:51:08.343Z","url":"/report?startDate=&endDate="}
{"ip":"::1","level":"info","message":"Incoming request","method":"GET","timestamp":"2025-04-18T21:19:44.093Z","url":"/api/progress/report?startDate=&endDate=","userAgent":"PostmanRuntime/7.43.2"}
{"duration":"2484ms","level":"info","message":"Request completed","method":"GET","statusCode":500,"timestamp":"2025-04-18T21:19:46.577Z","url":"/report?startDate=&endDate="}
{"ip":"::1","level":"info","message":"Incoming request","method":"GET","timestamp":"2025-04-19T17:20:27.809Z","url":"/api/questionnaire/questions","userAgent":"PostmanRuntime/7.43.2"}
{"duration":"1809ms","level":"info","message":"Request completed","method":"GET","statusCode":200,"timestamp":"2025-04-19T17:20:29.618Z","url":"/questions"}
